<?xml version="1.0" encoding="UTF-8"?>
<testsuite name="Test"
           tests="3"
           failures="0"
           errors="0"
           skipped="0"
           time="5.589">
  <properties />
  
  
            <testcase name="VerifyThatUserShouldCreateAccountSuccessfully" time="3.221" classname="com.nopcommerce.demo.testsuite.RegisterPageTest" />
                <testcase name="verifyUserShouldNavigateToRegisterPageSuccessfully" time="1.062" classname="com.nopcommerce.demo.testsuite.RegisterPageTest" />
                <testcase name="verifyThatFirstNameLastNameEmailPasswordAndConfirmPasswordFieldsAreMandatory" time="1.306" classname="com.nopcommerce.demo.testsuite.RegisterPageTest" />
      
</testsuite>
